0 info it worked if it ends with ok
1 verbose cli [ '/usr/bin/node', '/usr/bin/npm', 'run', 'start' ]
2 info using npm@3.5.2
3 info using node@v8.10.0
4 verbose run-script [ 'prestart', 'start', 'poststart' ]
5 info lifecycle backend@1.0.0~prestart: backend@1.0.0
6 silly lifecycle backend@1.0.0~prestart: no script for prestart, continuing
7 info lifecycle backend@1.0.0~start: backend@1.0.0
8 verbose lifecycle backend@1.0.0~start: unsafe-perm in lifecycle true
9 verbose lifecycle backend@1.0.0~start: PATH: /usr/share/npm/bin/node-gyp-bin:/mnt/c/Users/marck/OneDrive/Escritorio/Web 2/Proyecto/Backend/node_modules/.bin:/usr/local/sbin:/usr/local/bin:/usr/sbin:/usr/bin:/sbin:/bin:/usr/games:/usr/local/games:/mnt/c/Program Files/Eclipse Adoptium/jdk-17.0.4.101-hotspot/bin:/mnt/c/Program Files (x86)/VMware/VMware Workstation/bin/:/mnt/c/Windows/system32:/mnt/c/Windows:/mnt/c/Windows/System32/Wbem:/mnt/c/Program Files/Git/cmd:/mnt/c/Program Files/nodejs:/mnt/c/Program Files (x86)/Vim/vim82:/mnt/c/dev/src/flutter/bin:/mnt/c/Windows/SysWOW64/WindowsPowerShell/v1.0:/mnt/c/Users/marck/AppData/Local/Android/Sdk/emulator:/mnt/c/Windows/System32/OpenSSH:/mnt/c/Users/marck/AppData/Roaming/npm:/mnt/c/Windows/system32:/mnt/c/Windows:/mnt/c/Windows/System32/Wbem:/mnt/c/Program Files/Git/cmd:/mnt/c/Program Files/nodejs:/mnt/c/Program Files (x86)/Vim/vim82:/mnt/c/dev/src/flutter/bin:/mnt/c/Windows/SysWOW64/WindowsPowerShell/v1.0:/mnt/c/Users/marck/AppData/Local/Android/Sdk/emulator:/mnt/c/ProgramData/Anaconda3:/mnt/c/ProgramData/Anaconda3/Scripts:/mnt/c/ProgramData/Anaconda3/Library/bin:/mnt/c/Users/marck/AppData/Local/Programs/Microsoft VS Code/bin:/mnt/c/Windows/System32/OpenSSH:/mnt/c/Users/marck/AppData/Roaming/npm:/snap/bin
10 verbose lifecycle backend@1.0.0~start: CWD: /mnt/c/Users/marck/OneDrive/Escritorio/Web 2/Proyecto/Backend
11 silly lifecycle backend@1.0.0~start: Args: [ '-c', 'node .' ]
12 silly lifecycle backend@1.0.0~start: Returned: code: 1  signal: null
13 info lifecycle backend@1.0.0~start: Failed to exec start script
14 verbose stack Error: backend@1.0.0 start: `node .`
14 verbose stack Exit status 1
14 verbose stack     at EventEmitter.<anonymous> (/usr/share/npm/lib/utils/lifecycle.js:232:16)
14 verbose stack     at emitTwo (events.js:126:13)
14 verbose stack     at EventEmitter.emit (events.js:214:7)
14 verbose stack     at ChildProcess.<anonymous> (/usr/share/npm/lib/utils/spawn.js:24:14)
14 verbose stack     at emitTwo (events.js:126:13)
14 verbose stack     at ChildProcess.emit (events.js:214:7)
14 verbose stack     at maybeClose (internal/child_process.js:925:16)
14 verbose stack     at Process.ChildProcess._handle.onexit (internal/child_process.js:209:5)
15 verbose pkgid backend@1.0.0
16 verbose cwd /mnt/c/Users/marck/OneDrive/Escritorio/Web 2/Proyecto/Backend
17 error Linux 4.4.0-19041-Microsoft
18 error argv "/usr/bin/node" "/usr/bin/npm" "run" "start"
19 error node v8.10.0
20 error npm  v3.5.2
21 error code ELIFECYCLE
22 error backend@1.0.0 start: `node .`
22 error Exit status 1
23 error Failed at the backend@1.0.0 start script 'node .'.
23 error Make sure you have the latest version of node.js and npm installed.
23 error If you do, this is most likely a problem with the backend package,
23 error not with npm itself.
23 error Tell the author that this fails on your system:
23 error     node .
23 error You can get information on how to open an issue for this project with:
23 error     npm bugs backend
23 error Or if that isn't available, you can get their info via:
23 error     npm owner ls backend
23 error There is likely additional logging output above.
24 verbose exit [ 1, true ]
